[33mWARNING[0m:  [29-07-2025 10:25:54] chroma_server_nofile is not supported on Windows. chroma_server_nofile will not be set.
[32mINFO[0m:     [29-07-2025 10:25:55] Anonymized telemetry enabled. See                     https://docs.trychroma.com/telemetry for more information.
[36mDEBUG[0m:    [29-07-2025 10:25:55] Starting component System
[36mDEBUG[0m:    [29-07-2025 10:25:55] Starting component OpenTelemetryClient
[36mDEBUG[0m:    [29-07-2025 10:25:55] Starting component SimpleAssignmentPolicy
[36mDEBUG[0m:    [29-07-2025 10:25:55] Starting component SqliteDB
[36mDEBUG[0m:    [29-07-2025 10:25:57] Starting component Posthog
[36mDEBUG[0m:    [29-07-2025 10:25:57] Starting component LocalSegmentManager
[36mDEBUG[0m:    [29-07-2025 10:25:57] Starting component SegmentAPI
[32mINFO[0m:     [29-07-2025 10:25:57] Started server process [[36m4808[0m]
[32mINFO[0m:     [29-07-2025 10:25:57] Waiting for application startup.
[32mINFO[0m:     [29-07-2025 10:25:57] Application startup complete.
[32mINFO[0m:     [29-07-2025 10:25:57] Uvicorn running on [1mhttp://0.0.0.0:8000[0m (Press CTRL+C to quit)
[32mINFO[0m:     [29-07-2025 10:54:56] 127.0.0.1:63726 - "GET /api/v1/heartbeat HTTP/1.1" 200
[33mWARNING[0m:  [29-07-2025 10:57:13] chroma_server_nofile is not supported on Windows. chroma_server_nofile will not be set.
[32mINFO[0m:     [29-07-2025 10:57:14] Anonymized telemetry enabled. See                     https://docs.trychroma.com/telemetry for more information.
[36mDEBUG[0m:    [29-07-2025 10:57:14] Starting component System
[36mDEBUG[0m:    [29-07-2025 10:57:14] Starting component OpenTelemetryClient
[36mDEBUG[0m:    [29-07-2025 10:57:14] Starting component SimpleAssignmentPolicy
[36mDEBUG[0m:    [29-07-2025 10:57:14] Starting component SqliteDB
[36mDEBUG[0m:    [29-07-2025 10:57:14] Starting component Posthog
[36mDEBUG[0m:    [29-07-2025 10:57:14] Starting component LocalSegmentManager
[36mDEBUG[0m:    [29-07-2025 10:57:14] Starting component SegmentAPI
[32mINFO[0m:     [29-07-2025 10:57:14] Started server process [[36m19752[0m]
[32mINFO[0m:     [29-07-2025 10:57:14] Waiting for application startup.
[32mINFO[0m:     [29-07-2025 10:57:14] Application startup complete.
[31mERROR[0m:    [29-07-2025 10:57:14] [Errno 10048] error while attempting to bind on address ('0.0.0.0', 8000): only one usage of each socket address (protocol/network address/port) is normally permitted
[32mINFO[0m:     [29-07-2025 10:57:14] Waiting for application shutdown.
[32mINFO[0m:     [29-07-2025 10:57:14] Application shutdown complete.
[32mINFO[0m:     [29-07-2025 10:57:28] Shutting down
[32mINFO[0m:     [29-07-2025 10:57:28] Waiting for application shutdown.
[32mINFO[0m:     [29-07-2025 10:57:28] Application shutdown complete.
[32mINFO[0m:     [29-07-2025 10:57:28] Finished server process [[36m4808[0m]
[33mWARNING[0m:  [29-07-2025 10:57:38] chroma_server_nofile is not supported on Windows. chroma_server_nofile will not be set.
[32mINFO[0m:     [29-07-2025 10:57:39] Anonymized telemetry enabled. See                     https://docs.trychroma.com/telemetry for more information.
[36mDEBUG[0m:    [29-07-2025 10:57:39] Starting component System
[36mDEBUG[0m:    [29-07-2025 10:57:39] Starting component OpenTelemetryClient
[36mDEBUG[0m:    [29-07-2025 10:57:39] Starting component SimpleAssignmentPolicy
[36mDEBUG[0m:    [29-07-2025 10:57:39] Starting component SqliteDB
[36mDEBUG[0m:    [29-07-2025 10:57:39] Starting component Posthog
[36mDEBUG[0m:    [29-07-2025 10:57:39] Starting component LocalSegmentManager
[36mDEBUG[0m:    [29-07-2025 10:57:39] Starting component SegmentAPI
[32mINFO[0m:     [29-07-2025 10:57:39] Started server process [[36m8824[0m]
[32mINFO[0m:     [29-07-2025 10:57:39] Waiting for application startup.
[32mINFO[0m:     [29-07-2025 10:57:39] Application startup complete.
[32mINFO[0m:     [29-07-2025 10:57:39] Uvicorn running on [1mhttp://0.0.0.0:8000[0m (Press CTRL+C to quit)
[32mINFO[0m:     [29-07-2025 10:58:58] 127.0.0.1:50200 - "GET /api/v1/heartbeat HTTP/1.1" 200
[32mINFO[0m:     [29-07-2025 11:00:40] Shutting down
[32mINFO[0m:     [29-07-2025 11:00:40] Waiting for application shutdown.
[32mINFO[0m:     [29-07-2025 11:00:40] Application shutdown complete.
[32mINFO[0m:     [29-07-2025 11:00:40] Finished server process [[36m8824[0m]
[33mWARNING[0m:  [29-07-2025 11:01:38] chroma_server_nofile is not supported on Windows. chroma_server_nofile will not be set.
[32mINFO[0m:     [29-07-2025 11:01:39] Anonymized telemetry enabled. See                     https://docs.trychroma.com/telemetry for more information.
[36mDEBUG[0m:    [29-07-2025 11:01:39] Starting component System
[36mDEBUG[0m:    [29-07-2025 11:01:39] Starting component OpenTelemetryClient
[36mDEBUG[0m:    [29-07-2025 11:01:39] Starting component SimpleAssignmentPolicy
[36mDEBUG[0m:    [29-07-2025 11:01:39] Starting component SqliteDB
[36mDEBUG[0m:    [29-07-2025 11:01:39] Starting component Posthog
[36mDEBUG[0m:    [29-07-2025 11:01:39] Starting component LocalSegmentManager
[36mDEBUG[0m:    [29-07-2025 11:01:39] Starting component SegmentAPI
[32mINFO[0m:     [29-07-2025 11:01:39] Started server process [[36m29724[0m]
[32mINFO[0m:     [29-07-2025 11:01:39] Waiting for application startup.
[32mINFO[0m:     [29-07-2025 11:01:39] Application startup complete.
[32mINFO[0m:     [29-07-2025 11:01:39] Uvicorn running on [1mhttp://0.0.0.0:8000[0m (Press CTRL+C to quit)
[32mINFO[0m:     [29-07-2025 11:01:41] Shutting down
[32mINFO[0m:     [29-07-2025 11:01:42] Waiting for application shutdown.
[32mINFO[0m:     [29-07-2025 11:01:42] Application shutdown complete.
[32mINFO[0m:     [29-07-2025 11:01:42] Finished server process [[36m29724[0m]
[33mWARNING[0m:  [29-07-2025 11:01:47] chroma_server_nofile is not supported on Windows. chroma_server_nofile will not be set.
[32mINFO[0m:     [29-07-2025 11:01:47] Anonymized telemetry enabled. See                     https://docs.trychroma.com/telemetry for more information.
[36mDEBUG[0m:    [29-07-2025 11:01:47] Starting component System
[36mDEBUG[0m:    [29-07-2025 11:01:47] Starting component OpenTelemetryClient
[36mDEBUG[0m:    [29-07-2025 11:01:47] Starting component SimpleAssignmentPolicy
[36mDEBUG[0m:    [29-07-2025 11:01:47] Starting component SqliteDB
[36mDEBUG[0m:    [29-07-2025 11:01:47] Starting component Posthog
[36mDEBUG[0m:    [29-07-2025 11:01:47] Starting component LocalSegmentManager
[36mDEBUG[0m:    [29-07-2025 11:01:47] Starting component SegmentAPI
[32mINFO[0m:     [29-07-2025 11:01:47] Started server process [[36m18120[0m]
[32mINFO[0m:     [29-07-2025 11:01:47] Waiting for application startup.
[32mINFO[0m:     [29-07-2025 11:01:47] Application startup complete.
[32mINFO[0m:     [29-07-2025 11:01:47] Uvicorn running on [1mhttp://0.0.0.0:8000[0m (Press CTRL+C to quit)
[32mINFO[0m:     [29-07-2025 11:01:53] 127.0.0.1:52264 - "GET /api/v1/heartbeat HTTP/1.1" 200
[32mINFO[0m:     [29-07-2025 11:02:25] 127.0.0.1:52652 - "GET / HTTP/1.1" 404
[32mINFO[0m:     [29-07-2025 11:02:33] 127.0.0.1:52652 - "GET /favicon.ico HTTP/1.1" 404
[32mINFO[0m:     [29-07-2025 11:03:05] 127.0.0.1:52653 - "GET /api/v1/heartbeat HTTP/1.1" 200
[32mINFO[0m:     [29-07-2025 11:11:50] Shutting down
[32mINFO[0m:     [29-07-2025 11:11:50] Waiting for application shutdown.
[32mINFO[0m:     [29-07-2025 11:11:50] Application shutdown complete.
[32mINFO[0m:     [29-07-2025 11:11:50] Finished server process [[36m18120[0m]
[33mWARNING[0m:  [29-07-2025 11:12:08] chroma_server_nofile is not supported on Windows. chroma_server_nofile will not be set.
[32mINFO[0m:     [29-07-2025 11:12:08] Anonymized telemetry enabled. See                     https://docs.trychroma.com/telemetry for more information.
[36mDEBUG[0m:    [29-07-2025 11:12:08] Starting component System
[36mDEBUG[0m:    [29-07-2025 11:12:08] Starting component OpenTelemetryClient
[36mDEBUG[0m:    [29-07-2025 11:12:08] Starting component SimpleAssignmentPolicy
[36mDEBUG[0m:    [29-07-2025 11:12:08] Starting component SqliteDB
[36mDEBUG[0m:    [29-07-2025 11:12:08] Starting component Posthog
[36mDEBUG[0m:    [29-07-2025 11:12:08] Starting component LocalSegmentManager
[36mDEBUG[0m:    [29-07-2025 11:12:08] Starting component SegmentAPI
[32mINFO[0m:     [29-07-2025 11:12:09] Started server process [[36m13048[0m]
[32mINFO[0m:     [29-07-2025 11:12:09] Waiting for application startup.
[32mINFO[0m:     [29-07-2025 11:12:09] Application startup complete.
[32mINFO[0m:     [29-07-2025 11:12:09] Uvicorn running on [1mhttp://0.0.0.0:8000[0m (Press CTRL+C to quit)
[32mINFO[0m:     [29-07-2025 11:13:12] 127.0.0.1:59946 - "POST /api/v2/tenants/default_tenant/databases/default_database/collections HTTP/1.1" 404
[32mINFO[0m:     [29-07-2025 11:14:08] 127.0.0.1:60565 - "POST /api/v2/tenants/default_tenant/databases/default_database/collections HTTP/1.1" 404
[32mINFO[0m:     [29-07-2025 11:19:01] Shutting down
[32mINFO[0m:     [29-07-2025 11:19:01] Waiting for application shutdown.
[32mINFO[0m:     [29-07-2025 11:19:02] Application shutdown complete.
[32mINFO[0m:     [29-07-2025 11:19:02] Finished server process [[36m13048[0m]
[33mWARNING[0m:  [29-07-2025 11:19:27] chroma_server_nofile is not supported on Windows. chroma_server_nofile will not be set.
[32mINFO[0m:     [29-07-2025 11:19:28] Anonymized telemetry enabled. See                     https://docs.trychroma.com/telemetry for more information.
[36mDEBUG[0m:    [29-07-2025 11:19:28] Starting component System
[36mDEBUG[0m:    [29-07-2025 11:19:28] Starting component OpenTelemetryClient
[36mDEBUG[0m:    [29-07-2025 11:19:28] Starting component SimpleAssignmentPolicy
[36mDEBUG[0m:    [29-07-2025 11:19:28] Starting component SqliteDB
[36mDEBUG[0m:    [29-07-2025 11:19:28] Starting component Posthog
[36mDEBUG[0m:    [29-07-2025 11:19:28] Starting component LocalSegmentManager
[36mDEBUG[0m:    [29-07-2025 11:19:28] Starting component SegmentAPI
[32mINFO[0m:     [29-07-2025 11:19:29] Started server process [[36m12508[0m]
[32mINFO[0m:     [29-07-2025 11:19:29] Waiting for application startup.
[32mINFO[0m:     [29-07-2025 11:19:29] Application startup complete.
[32mINFO[0m:     [29-07-2025 11:19:29] Uvicorn running on [1mhttp://0.0.0.0:8000[0m (Press CTRL+C to quit)
[32mINFO[0m:     [29-07-2025 11:20:56] 127.0.0.1:64903 - "POST /api/v2/tenants/default_tenant/databases/default_database/collections HTTP/1.1" 404
[32mINFO[0m:     [29-07-2025 11:22:38] Shutting down
[32mINFO[0m:     [29-07-2025 11:22:38] Waiting for application shutdown.
[32mINFO[0m:     [29-07-2025 11:22:38] Application shutdown complete.
[32mINFO[0m:     [29-07-2025 11:22:38] Finished server process [[36m12508[0m]
